  [4;36;1mSQL (0.3ms)[0m   [0;1mSET SQL_AUTO_IS_NULL=0[0m
  [4;35;1mSQL (1.0ms)[0m   [0mSHOW TABLES[0m
  [4;36;1mSQL (0.8ms)[0m   [0;1mSELECT version FROM schema_migrations[0m
Migrating to CreateAccounts (20091220180322)
  [4;35;1mSQL (0.0ms)[0m   [0mMysql::Error: Table 'accounts' already exists: CREATE TABLE `accounts` (`id` int(11) DEFAULT NULL auto_increment PRIMARY KEY, `created_at` datetime, `updated_at` datetime) ENGINE=InnoDB[0m
  [4;36;1mSQL (0.3ms)[0m   [0;1mSET SQL_AUTO_IS_NULL=0[0m
  [4;35;1mSQL (1.0ms)[0m   [0mSHOW TABLES[0m
  [4;36;1mSQL (15.0ms)[0m   [0;1mCREATE TABLE `schema_migrations` (`version` varchar(255) NOT NULL) ENGINE=InnoDB[0m
  [4;35;1mSQL (16.0ms)[0m   [0mCREATE UNIQUE INDEX `unique_schema_migrations` ON `schema_migrations` (`version`)[0m
  [4;36;1mSQL (0.7ms)[0m   [0;1mSHOW TABLES[0m
  [4;35;1mSQL (0.6ms)[0m   [0mSELECT version FROM schema_migrations[0m
Migrating to CreateAccounts (20091220180322)
  [4;36;1mSQL (6.7ms)[0m   [0;1mCREATE TABLE `accounts` (`id` int(11) DEFAULT NULL auto_increment PRIMARY KEY, `created_at` datetime, `updated_at` datetime) ENGINE=InnoDB[0m
  [4;35;1mSQL (2.5ms)[0m   [0mINSERT INTO schema_migrations (version) VALUES ('20091220180322')[0m
Migrating to Account (20091220180336)
  [4;36;1mSQL (0.9ms)[0m   [0;1mSHOW TABLES[0m
  [4;35;1mSQL (3.2ms)[0m   [0mDROP TABLE `accounts`[0m
  [4;36;1mSQL (8.0ms)[0m   [0;1mCREATE TABLE `accounts` (`id` int(11) DEFAULT NULL auto_increment PRIMARY KEY, `username` varchar(255), `password` varchar(255), `datetime` varchar(255), `modified` datetime, `disabled` tinyint, `tech` tinyint, `company` varchar(255), `address` varchar(255), `city` varchar(255), `postal_code` varchar(40), `weburl` varchar(255), `email` varchar(255), `phone` varchar(50), `fax` varchar(50), `logo` varchar(255), `emailsupport` varchar(150), `phonesupport` varchar(255), `websupport` varchar(255), `webfaq` varchar(255), `paid` tinyint) ENGINE=InnoDB[0m
  [4;35;1mSQL (3.2ms)[0m   [0mINSERT INTO schema_migrations (version) VALUES ('20091220180336')[0m
  [4;36;1mSQL (1.0ms)[0m   [0;1mSHOW TABLES[0m
  [4;35;1mSQL (0.5ms)[0m   [0mSELECT version FROM schema_migrations[0m
  [4;36;1mSQL (0.4ms)[0m   [0;1mSHOW TABLES[0m
  [4;35;1mSQL (4.2ms)[0m   [0mSHOW FIELDS FROM `accounts`[0m
  [4;36;1mSQL (2.5ms)[0m   [0;1mdescribe `accounts`[0m
  [4;35;1mSQL (1.3ms)[0m   [0mSHOW KEYS FROM `accounts`[0m
